2023-08-12 08:39:20,142 - ERROR - Необходимо указать путь к файлу или директории для анализа.
2023-08-12 08:39:30,935 - INFO - Начат анализ пути: C:/Program Files/Python311/notworkingweather.py
2023-08-12 08:39:30,936 - INFO - Анализ файла: C:/Program Files/Python311/notworkingweather.py
2023-08-12 14:30:44,004 - ERROR - Необходимо указать путь к файлу или директории для анализа.
2023-08-12 14:30:52,733 - ERROR - Необходимо указать путь к файлу или директории для анализа.
2023-08-12 14:32:32,367 - INFO - Начат анализ пути: C:/Program Files/Python311/notworkingweather.py
2023-08-12 14:32:32,368 - INFO - Анализ файла: C:/Program Files/Python311/notworkingweather.py
2023-08-12 14:38:44,416 - ERROR - Необходимо указать путь к файлу или директории для анализа.
2023-08-12 14:39:05,640 - INFO - Начат анализ пути: C:/Program Files/Python311/notworkingweather.py
2023-08-12 14:39:05,641 - INFO - Анализ файла: C:/Program Files/Python311/notworkingweather.py
2023-08-12 14:52:32,399 - ERROR - Необходимо указать путь к файлу или директории для анализа.
2023-08-12 14:55:01,295 - ERROR - Необходимо указать путь к файлу или директории для анализа.
2023-08-12 15:05:25,093 - ERROR - Необходимо указать путь к файлу или директории для анализа.
2023-08-12 15:06:49,463 - ERROR - Необходимо указать путь к файлу или директории для анализа.
2023-08-12 15:08:11,592 - ERROR - Необходимо указать путь к файлу или директории для анализа.
2023-08-12 15:09:26,327 - ERROR - Необходимо указать путь к файлу или директории для анализа.
2023-08-12 15:10:20,970 - ERROR - Необходимо указать путь к файлу или директории для анализа.
2023-08-12 15:13:08,366 - ERROR - Необходимо указать путь к файлу или директории для анализа.
2023-08-12 15:22:44,162 - ERROR - Необходимо указать путь к файлу или директории для анализа.
2023-08-12 15:26:30,873 - ERROR - Необходимо указать путь к файлу или директории для анализа.
2023-08-12 15:29:49,449 - ERROR - Необходимо указать путь к файлу или директории для анализа.
2023-08-12 15:38:12,939 - ERROR - Необходимо указать путь к файлу или директории для анализа.
2023-08-12 15:43:21,555 - ERROR - Необходимо указать путь к файлу или директории для анализа.
2023-08-12 15:50:00,029 - ERROR - Необходимо указать путь к файлу или директории для анализа.
2023-08-12 16:05:48,457 - ERROR - Необходимо указать путь к файлу или директории для анализа.
2023-08-12 22:22:35,635 - INFO - Начат анализ пути: C:/Program Files/Python311/get-pip.py
2023-08-12 22:22:35,678 - INFO - Анализ файла: C:/Program Files/Python311/get-pip.py
2023-08-12 22:22:35,787 - ERROR - Файл или директория не найдены.
2023-08-12 22:23:10,403 - INFO - Начат анализ пути: C:/Program Files/Python311/будильник джи пи ти.py
2023-08-12 22:25:44,136 - INFO - Начат анализ пути: C:/Program Files/Python311/будильник джи пи ти.py
2023-08-12 22:25:44,139 - INFO - Анализ файла: C:/Program Files/Python311/будильник джи пи ти.py
2023-08-12 22:25:44,157 - ERROR - Произошла ошибка при анализе файла C:/Program Files/Python311/будильник джи пи ти.py: 'charmap' codec can't decode byte 0x98 in position 2329: character maps to <undefined>
2023-08-12 22:32:37,142 - INFO - Начат анализ пути: C:/Program Files/Python311/будильник джи пи ти.py
2023-08-12 22:32:37,151 - INFO - Анализ файла: C:/Program Files/Python311/будильник джи пи ти.py
2023-08-12 22:32:37,177 - ERROR - Произошла ошибка при анализе файла C:/Program Files/Python311/будильник джи пи ти.py: 'charmap' codec can't decode byte 0x98 in position 2329: character maps to <undefined>
2023-08-12 22:32:37,219 - ERROR - Файл или директория не найдены.
2023-08-12 22:36:21,870 - INFO - Начат анализ пути: C:/Program Files/Python311/будильник джи пи ти.py
2023-08-12 22:36:21,876 - INFO - Анализ файла: C:/Program Files/Python311/будильник джи пи ти.py
2023-08-12 22:36:21,894 - ERROR - Произошла ошибка при анализе файла C:/Program Files/Python311/будильник джи пи ти.py: 'charmap' codec can't decode byte 0x98 in position 2329: character maps to <undefined>
2023-08-12 22:36:21,919 - ERROR - Файл или директория не найдены.
2023-08-12 22:38:49,308 - INFO - Начат анализ пути: C:/Program Files/Python311/будильник джи пи ти.py
2023-08-12 22:38:49,311 - INFO - Анализ файла: C:/Program Files/Python311/будильник джи пи ти.py
2023-08-12 22:38:49,326 - ERROR - Произошла ошибка при анализе файла C:/Program Files/Python311/будильник джи пи ти.py: 'charmap' codec can't decode byte 0x98 in position 2329: character maps to <undefined>
2023-08-12 22:38:49,347 - ERROR - Файл или директория не найдены.
2023-08-12 22:44:31,883 - INFO - Начат анализ пути: C:/Program Files/Python311/будильник джи пи ти.py
2023-08-12 22:44:31,893 - INFO - Анализ файла: C:/Program Files/Python311/будильник джи пи ти.py
2023-08-12 22:46:46,892 - INFO - Начат анализ пути: C:/Program Files/Python311/будильник джи пи ти.py
2023-08-12 22:46:46,902 - INFO - Анализ файла: C:/Program Files/Python311/будильник джи пи ти.py
2023-08-12 22:46:46,937 - ERROR - Файл или директория не найдены.
2023-08-12 22:47:49,841 - INFO - Начат анализ пути: C:/Program Files/Python311/ошибка.py
2023-08-12 22:47:49,853 - INFO - Анализ файла: C:/Program Files/Python311/ошибка.py
2023-08-12 22:50:56,260 - INFO - Начат анализ пути: C:/Program Files/Python311/будильник джи пи ти.py
2023-08-12 22:50:56,268 - INFO - Анализ файла: C:/Program Files/Python311/будильник джи пи ти.py
2023-08-12 22:50:56,295 - ERROR - Файл или директория не найдены.
2023-08-12 22:51:08,405 - INFO - Начат анализ пути: C:/Program Files/Python311/ошибка.py
2023-08-12 22:51:08,416 - INFO - Анализ файла: C:/Program Files/Python311/ошибка.py
2023-08-12 22:51:08,435 - ERROR - Произошла ошибка при анализе файла C:/Program Files/Python311/ошибка.py: unexpected indent (<unknown>, line 3)
2023-08-12 22:51:08,488 - ERROR - Контекст ошибки:
2023-08-12 22:51:08,489 - ERROR - 
2023-08-12 22:56:59,218 - INFO - Начат анализ пути: C:/Program Files/Python311/будильник джи пи ти.py
2023-08-12 22:56:59,229 - INFO - Анализ файла: C:/Program Files/Python311/будильник джи пи ти.py
2023-08-12 22:56:59,250 - ERROR - Файл или директория не найдены.
2023-08-12 22:57:10,689 - INFO - Начат анализ пути: C:/Program Files/Python311/ошибка.py
2023-08-12 22:57:10,700 - INFO - Анализ файла: C:/Program Files/Python311/ошибка.py
2023-08-12 22:57:10,716 - ERROR - Произошла ошибка при анализе файла C:/Program Files/Python311/ошибка.py: unexpected indent (<unknown>, line 3)
