2023-08-12 14:43:37,091 - INFO - Начат анализ пути: C:/Program Files/Python311/notworkingweather.py
2023-08-12 14:43:37,092 - INFO - Анализ файла: C:/Program Files/Python311/notworkingweather.py
2023-08-12 14:44:33,360 - INFO - Начат анализ пути: C:/Program Files/Python311/notworkingweather.py
2023-08-12 14:44:33,360 - INFO - Анализ файла: C:/Program Files/Python311/notworkingweather.py
2023-08-12 14:46:58,626 - INFO - Начат анализ пути: C:/Program Files/Python311/notworkingweather.py
2023-08-12 14:46:58,627 - INFO - Анализ файла: C:/Program Files/Python311/notworkingweather.py
2023-08-12 14:50:18,679 - ERROR - Необходимо указать путь к файлу или директории для анализа.
2023-08-12 14:51:08,980 - ERROR - Необходимо указать путь к файлу или директории для анализа.
2023-08-12 14:51:30,763 - INFO - Начат анализ пути: C:/Program Files/Python311/notworkingweather.py
2023-08-12 14:51:30,763 - INFO - Анализ файла: C:/Program Files/Python311/notworkingweather.py
2023-08-12 14:55:12,971 - INFO - Начат анализ пути: C:/Program Files/Python311/notworkingweather.py
2023-08-12 14:55:12,971 - INFO - Анализ файла: C:/Program Files/Python311/notworkingweather.py
2023-08-12 15:13:42,344 - INFO - Начат анализ пути: C:/Program Files/Python311/notworkingweather.py
2023-08-12 15:13:42,344 - INFO - Анализ файла: C:/Program Files/Python311/notworkingweather.py
2023-08-12 15:22:52,728 - INFO - Начат анализ пути: C:/Program Files/Python311/notworkingweather.py
2023-08-12 15:22:52,729 - INFO - Анализ файла: C:/Program Files/Python311/notworkingweather.py
2023-08-12 15:26:40,292 - INFO - Начат анализ пути: C:/Program Files/Python311/notworkingweather.py
2023-08-12 15:26:40,292 - INFO - Анализ файла: C:/Program Files/Python311/notworkingweather.py
2023-08-12 15:29:56,359 - INFO - Начат анализ пути: C:/Program Files/Python311/notworkingweather.py
2023-08-12 15:29:56,359 - INFO - Анализ файла: C:/Program Files/Python311/notworkingweather.py
2023-08-12 15:32:04,788 - INFO - Начат анализ пути: C:/Program Files/Python311/notworkingweather.py
2023-08-12 15:32:04,789 - INFO - Анализ файла: C:/Program Files/Python311/notworkingweather.py
2023-08-12 15:38:27,013 - INFO - Начат анализ пути: C:/Program Files/Python311/notworkingweather.py
2023-08-12 15:38:27,013 - INFO - Анализ файла: C:/Program Files/Python311/notworkingweather.py
2023-08-12 15:43:46,411 - INFO - Начат анализ пути: C:/Program Files/Python311/notworkingweather.py
2023-08-12 15:43:46,412 - INFO - Анализ файла: C:/Program Files/Python311/notworkingweather.py
2023-08-12 15:50:10,369 - INFO - Начат анализ пути: C:/Program Files/Python311/notworkingweather.py
2023-08-12 15:50:10,370 - INFO - Анализ файла: C:/Program Files/Python311/notworkingweather.py
2023-08-12 15:50:55,267 - INFO - Начат анализ пути: C:/Program Files/Python311/notworkingweather.py
2023-08-12 15:50:55,268 - INFO - Анализ файла: C:/Program Files/Python311/notworkingweather.py
2023-08-12 15:53:12,708 - INFO - Начат анализ пути: C:/Python/radio6.py
2023-08-12 15:53:12,708 - INFO - Анализ файла: C:/Python/radio6.py
2023-08-12 16:04:48,995 - INFO - Начат анализ пути: C:/Python/radio6.py
2023-08-12 16:04:48,996 - INFO - Анализ файла: C:/Python/radio6.py
2023-08-12 16:06:40,140 - INFO - Начат анализ пути: C:/Python/radio6.py
2023-08-12 16:06:40,141 - INFO - Анализ файла: C:/Python/radio6.py
2023-08-12 16:08:26,357 - INFO - Начат анализ пути: C:/Python/radio6.py
2023-08-12 16:08:26,358 - INFO - Анализ файла: C:/Python/radio6.py
2023-08-12 16:10:49,383 - INFO - Начат анализ пути: C:/Python/radio6.py
2023-08-12 16:10:49,383 - INFO - Анализ файла: C:/Python/radio6.py
2023-08-12 16:12:22,735 - INFO - Начат анализ пути: C:/Python/radio6.py
2023-08-12 16:12:22,735 - INFO - Анализ файла: C:/Python/radio6.py
2023-08-12 16:13:22,568 - INFO - Начат анализ пути: C:/Python/radio6.py
2023-08-12 16:13:22,568 - INFO - Анализ файла: C:/Python/radio6.py
2023-08-12 16:13:53,353 - INFO - Начат анализ пути: C:/Python/radio6.py
2023-08-12 16:13:53,354 - INFO - Анализ файла: C:/Python/radio6.py
2023-08-12 16:14:45,517 - INFO - Начат анализ пути: C:/Python/radio6.py
2023-08-12 16:14:45,517 - INFO - Анализ файла: C:/Python/radio6.py
2023-08-12 16:17:53,368 - INFO - Начат анализ пути: C:/Python/radio6.py
2023-08-12 16:17:53,369 - INFO - Анализ файла: C:/Python/radio6.py
