2023-10-01 10:40:09,393 - INFO - Введенный код:
def validate_code(code):
2023-10-01 10:40:09,393 - ERROR - Ошибка синтаксиса: expected an indented block after function definition on line 1 (<unknown>, line 1)
2023-10-01 10:40:09,413 - INFO - Исправленный код:
Ошибка синтаксиса: expected an indented block after function definition on line 1 (<unknown>, line 1)
2023-10-01 10:47:42,425 - INFO - Введенный код:
def main():
2023-10-01 10:47:42,425 - ERROR - Ошибка синтаксиса: expected an indented block after function definition on line 1 (<unknown>, line 1)
2023-10-01 10:47:42,448 - INFO - Исправленный код:
Ошибка синтаксиса: expected an indented block after function definition on line 1 (<unknown>, line 1)
2023-10-01 10:50:12,609 - INFO - Введенный код:
def validate_code(code):
2023-10-01 10:50:12,609 - ERROR - Ошибка синтаксиса: expected an indented block after function definition on line 1 (<unknown>, line 1)
2023-10-01 10:50:12,626 - INFO - Исправленный код:
Ошибка синтаксиса: expected an indented block after function definition on line 1 (<unknown>, line 1)
2023-10-01 10:52:40,430 - INFO - Введенный код:
def main():
2023-10-01 10:52:40,430 - ERROR - Ошибка синтаксиса: expected an indented block after function definition on line 1 (<unknown>, line 1)
2023-10-01 10:52:40,450 - INFO - Исправленный код:
Ошибка синтаксиса: expected an indented block after function definition on line 1 (<unknown>, line 1)
2023-10-01 10:53:16,217 - INFO - Введенный код:
import ast
2023-10-01 10:58:31,056 - INFO - Введенный код:
import ast
2023-10-01 10:58:31,914 - INFO - Исправленный код:
import ast

2023-10-01 11:00:41,680 - INFO - Введенный код:
def calculate_sum(a, b)
2023-10-01 11:00:41,680 - ERROR - Ошибка синтаксиса: expected ':' (<unknown>, line 1)
2023-10-01 11:00:41,693 - INFO - Исправленный код:
Ошибка синтаксиса: expected ':' (<unknown>, line 1)
2023-10-01 11:02:25,149 - INFO - Введенный код:
def calculate_sum(a, b)
2023-10-01 11:02:25,149 - ERROR - Ошибка синтаксиса: expected ':' (<unknown>, line 1)
2023-10-01 11:02:25,165 - INFO - Исправленный код:
Ошибка синтаксиса: expected ':' (<unknown>, line 1)
